SF:lib/screens/statistics_screen.dart
DA:8,1
DA:10,1
DA:12,1
DA:13,1
DA:15,1
DA:16,1
DA:18,0
DA:19,0
DA:24,1
DA:28,1
DA:29,1
DA:30,1
DA:31,1
DA:32,2
DA:34,1
DA:37,3
DA:38,2
DA:41,2
DA:43,1
DA:49,1
DA:50,1
DA:52,1
DA:53,1
DA:54,1
DA:55,2
DA:57,1
DA:60,1
DA:61,1
DA:63,1
DA:64,1
DA:66,1
DA:67,2
DA:68,1
DA:70,1
DA:71,0
DA:72,1
DA:82,1
DA:83,1
DA:85,1
DA:86,1
DA:88,1
DA:89,2
DA:91,1
DA:92,0
DA:93,0
DA:94,0
DA:97,1
DA:100,1
DA:101,2
LF:49
LH:43
end_of_record
SF:lib/services/quiz_service.dart
DA:8,2
DA:10,4
DA:11,4
DA:12,6
DA:15,0
DA:16,0
DA:19,4
DA:20,2
DA:24,1
DA:26,1
DA:27,3
DA:29,2
DA:30,3
DA:33,0
DA:34,0
DA:37,2
DA:38,2
DA:42,1
DA:49,1
DA:50,2
DA:51,1
DA:52,2
DA:54,3
DA:56,2
DA:57,1
DA:58,1
DA:61,1
DA:62,1
DA:68,2
DA:69,1
DA:74,0
DA:76,0
DA:77,0
DA:79,0
DA:84,1
DA:85,0
DA:86,1
DA:87,2
DA:90,0
DA:92,0
DA:94,0
DA:95,0
DA:96,0
DA:98,0
DA:102,0
LF:45
LH:29
end_of_record
SF:lib/screens/home_screen.dart
DA:9,1
DA:11,1
DA:12,1
DA:20,1
DA:22,1
DA:23,1
DA:24,1
DA:25,1
DA:28,1
DA:29,2
DA:32,1
DA:33,1
DA:35,0
DA:36,0
DA:39,2
DA:40,1
DA:45,1
DA:46,2
DA:47,1
DA:51,1
DA:53,1
DA:55,2
DA:56,2
DA:57,1
DA:60,0
DA:64,1
DA:66,1
DA:67,1
DA:69,1
DA:70,1
DA:72,0
DA:73,0
DA:78,1
DA:79,1
DA:80,1
DA:82,1
DA:83,4
DA:84,1
DA:85,1
DA:87,1
DA:88,1
DA:90,1
DA:92,1
DA:107,1
DA:108,4
DA:109,1
DA:110,1
DA:111,0
DA:113,1
DA:114,1
DA:115,1
DA:117,2
DA:123,1
DA:134,1
DA:135,2
DA:139,1
DA:141,1
DA:150,1
DA:152,2
DA:153,1
DA:154,1
DA:155,3
DA:156,1
DA:157,0
DA:158,0
DA:160,1
DA:167,0
DA:168,0
DA:169,0
DA:171,0
DA:175,1
DA:176,1
DA:179,2
DA:180,1
DA:181,3
DA:183,1
DA:184,1
DA:185,1
DA:186,1
DA:187,0
DA:191,1
DA:192,1
DA:193,2
DA:194,1
DA:196,1
DA:197,1
DA:201,1
DA:202,2
DA:205,0
DA:206,0
DA:207,0
DA:210,2
DA:211,2
DA:212,1
DA:214,1
DA:216,2
DA:217,1
DA:219,1
DA:220,0
DA:222,1
LF:100
LH:83
end_of_record
SF:lib/screens/question_screen.dart
DA:7,2
DA:9,1
DA:10,1
DA:14,1
DA:16,1
DA:17,1
DA:19,1
DA:20,1
DA:22,0
DA:23,0
DA:26,1
DA:28,0
DA:29,0
DA:34,1
DA:37,1
DA:39,1
DA:40,3
LF:17
LH:13
end_of_record
SF:lib/widgets/question_widget.dart
DA:11,2
DA:13,1
DA:14,1
DA:26,1
DA:28,1
DA:29,3
DA:30,1
DA:31,1
DA:32,1
DA:35,1
DA:36,2
DA:37,1
DA:41,1
DA:42,2
DA:45,1
DA:46,2
DA:47,2
DA:50,1
DA:51,2
DA:52,1
DA:53,1
DA:54,1
DA:55,1
DA:59,2
DA:60,0
DA:61,0
DA:63,0
DA:64,0
DA:65,0
DA:66,0
DA:67,0
DA:68,0
DA:71,1
DA:72,3
DA:73,0
DA:74,0
DA:75,0
DA:79,2
DA:83,1
DA:85,1
DA:86,1
DA:87,3
DA:88,2
DA:90,1
DA:93,2
DA:94,1
DA:95,3
DA:96,3
DA:98,2
DA:99,2
DA:100,2
DA:101,1
DA:102,2
DA:104,2
DA:105,3
DA:106,1
DA:107,3
DA:113,2
DA:116,3
DA:117,3
DA:121,0
DA:126,1
DA:128,1
DA:132,1
DA:133,1
DA:134,1
DA:135,2
DA:138,1
DA:140,3
DA:142,2
DA:143,0
DA:144,1
DA:145,1
DA:146,3
DA:147,2
DA:149,1
DA:151,1
DA:152,1
DA:153,1
DA:154,4
DA:157,4
DA:163,3
DA:164,1
DA:165,1
DA:170,1
DA:171,0
DA:172,0
DA:178,3
DA:179,1
DA:187,0
DA:188,0
DA:191,0
DA:192,0
DA:193,0
DA:195,0
DA:196,0
DA:197,0
DA:198,0
DA:199,0
DA:203,0
DA:204,0
DA:206,0
LF:102
LH:74
end_of_record
